Log file open, 09/16/14 16:30:32
LogInit:Display: Running engine for game: MyProject
LogInit: Version: 4.4.1-2270799+++depot+UE4-Releases+4.4
LogInit: API Version: 2255576
LogInit: Compiled (64-bit): Aug 25 2014 14:19:12
LogInit: Build Configuration: Development
LogInit: Branch Name: ++depot+UE4-Releases+4.4
LogInit: Command line: 
LogInit: Base directory: C:/Program Files/Unreal Engine/4.4/Engine/Binaries/Win64/
LogInit: Rocket: 1
[2014.09.16-22.30.32:557][  0]LogTaskGraph: Started task graph with 3 named threads and 4 total threads.
[2014.09.16-22.30.32:583][  0]LogOnline:Warning: No default platform service specified for OnlineSubsystem
[2014.09.16-22.30.32:590][  0]LogInit: Presizing for 0 objects not considered by GC, pre-allocating 0 bytes.
[2014.09.16-22.30.32:598][  0]LogInit: Object subsystem initialized
[2014.09.16-22.30.32:600][  0]LogInit: Selected Device Profile: [Windows]
[2014.09.16-22.30.32:600][  0]LogInit: Applying CVar settings loaded from the selected device profile: [Windows]
[2014.09.16-22.30.32:604][  0]LogInit: Computer: TCPC-33
[2014.09.16-22.30.32:604][  0]LogInit: User: u0668625
[2014.09.16-22.30.32:605][  0]LogInit: CPU Page size=4096, Cores=4
[2014.09.16-22.30.32:605][  0]LogInit: High frequency timer resolution =3.906357 MHz
[2014.09.16-22.30.32:605][  0]LogMemory: Memory total: Physical=8.0GB (8GB approx) Virtual=8192.0GB
[2014.09.16-22.30.32:606][  0]LogMemory: Platform Memory Stats for Windows
[2014.09.16-22.30.32:606][  0]LogMemory: Process Physical Memory: 62.34 MB used, 62.34 MB peak
[2014.09.16-22.30.32:606][  0]LogMemory: Process Virtual Memory: 38.23 MB used, 38.23 MB peak
[2014.09.16-22.30.32:606][  0]LogMemory: Physical Memory: 2894.48 MB used, 8173.54 MB total
[2014.09.16-22.30.32:606][  0]LogMemory: Virtual Memory: 256.78 MB used, 8388608.00 MB total
[2014.09.16-22.30.32:634][  0]LogD3D11RHI: Found D3D11 adapter 0: NVIDIA GeForce GT 630 (Feature Level 11_0)
[2014.09.16-22.30.32:634][  0]LogD3D11RHI: Adapter has 978MB of dedicated video memory, 0MB of dedicated system memory, and 3071MB of shared system memory, 1 output[s]
[2014.09.16-22.30.32:634][  0]LogD3D11RHI: Chosen D3D11 Adapter Id = 0
[2014.09.16-22.30.32:640][  0]LogRHI: Texture pool is 684 MB (70% of 978 MB)
[2014.09.16-22.30.32:649][  0]LogD3D11RHI: Async texture creation enabled
[2014.09.16-22.30.32:760][  0]LogContentStreaming: Texture pool size is 0.000000MB
[2014.09.16-22.30.34:082][  0]LogTargetPlatformManager:Display: Building Assets For Windows
[2014.09.16-22.30.34:417][  0]LogTargetPlatformManager:Display: Building Assets For Windows
[2014.09.16-22.30.34:450][  0]LogDerivedDataCache:Display: Max Cache Size: 512 MB
[2014.09.16-22.30.34:520][  0]LogDerivedDataCache: Loaded boot cache 0.07s 39MB C:/Users/u0668625/AppData/Local/UnrealEngine/4.4/DerivedDataCache/Boot.ddc.
[2014.09.16-22.30.34:520][  0]LogDerivedDataCache:Display: Loaded Boot cache: C:/Users/u0668625/AppData/Local/UnrealEngine/4.4/DerivedDataCache/Boot.ddc
[2014.09.16-22.30.34:520][  0]LogDerivedDataCache: FDerivedDataBackendGraph:  Pak pak cache file ../../../../../../Users/u0668625/Desktop/machinima/Unreal Projects/MyProject/DerivedDataCache/DDC.ddp not found, will not use a pak cache.
[2014.09.16-22.30.34:520][  0]LogDerivedDataCache: Unable to find inner node Pak for hierarchical cache Hierarchy.
[2014.09.16-22.30.34:536][  0]LogDerivedDataCache:Display: Pak cache opened for reading ../../../Engine/DerivedDataCache/DDC.ddp.
[2014.09.16-22.30.34:547][  0]LogDerivedDataCache: Using Local data cache path C:/Users/u0668625/AppData/Local/UnrealEngine/4.4/DerivedDataCache: Writable
[2014.09.16-22.30.34:699][  0]LogMeshUtilities: No automatic mesh reduction module available
[2014.09.16-22.30.34:699][  0]LogMeshUtilities: No automatic mesh merging module available
[2014.09.16-22.30.35:051][  0]LogInit: WinSock: version 1.1 (2.2), MaxSocks=32767, MaxUdp=65467
[2014.09.16-22.30.35:720][  0]LogStats:Warning: MetaData mismatch. Did you assign a stat to two groups? New //STATGROUP_Threads//FMonitoredProcess///Thread